<?xml version="1.0" encoding="UTF-8"?>
<!-- Generated by org.testng.reporters.JUnitReportReporter -->
<testsuite hostname="DESKTOP-J50SVVR" failures="0" tests="1" name="com.ArtiumTestCases.TC_LoginTest_001" time="28.133" errors="0" timestamp="24 May 2023 21:55:42 GMT" skipped="0">
  <testcase classname="com.ArtiumTestCases.TC_LoginTest_001" name="loginTest" time="28.133"/>
</testsuite> <!-- com.ArtiumTestCases.TC_LoginTest_001 -->
