<?xml version="1.0" encoding="UTF-8"?>
<!-- Generated by org.testng.reporters.JUnitReportReporter -->
<testsuite hostname="DESKTOP-J50SVVR" failures="0" tests="1" name="com.ArtiumTestCases.practices" time="9.280" errors="0" timestamp="24 May 2023 18:27:33 GMT" skipped="0">
  <testcase classname="com.ArtiumTestCases.practices" name="start" time="9.280"/>
</testsuite> <!-- com.ArtiumTestCases.practices -->
